#
# A fatal error has been detected by the Java Runtime Environment:
#
#  EXCEPTION_ACCESS_VIOLATION (0xc0000005) at pc=0x00000000567172f5, pid=25756, tid=24300
#
# JRE version: Java(TM) SE Runtime Environment (8.0_05-b13) (build 1.8.0_05-b13)
# Java VM: Java HotSpot(TM) 64-Bit Server VM (25.5-b02 mixed mode windows-amd64 compressed oops)
# Problematic frame:
# V  [jvm.dll+0x1172f5]
#
# Failed to write core dump. Minidumps are not enabled by default on client versions of Windows
#
# If you would like to submit a bug report, please visit:
#   http://bugreport.sun.com/bugreport/crash.jsp
#

---------------  T H R E A D  ---------------

Current thread (0x0000000018f76800):  JavaThread "JDWP Transport Listener: dt_socket" daemon [_thread_in_vm, id=24300, stack(0x0000000019820000,0x0000000019920000)]

siginfo: ExceptionCode=0xc0000005, reading address 0x000000003b656c62

Registers:
RAX=0x000000001991f401, RBX=0x0000000018f76800, RCX=0x000000003b656c62, RDX=0x0000000000000000
RSP=0x000000001991f3b0, RBP=0x000000003b656c62, RSI=0x000000001991f4c8, RDI=0x0000000000608d50
R8 =0x0000000018f76800, R9 =0x0000000000008000, R10=0x0000000000000000, R11=0x000000001991f662
R12=0x0000000000000000, R13=0x0000000018f74378, R14=0x0000000000000000, R15=0x0000000000000000
RIP=0x00000000567172f5, EFLAGS=0x0000000000010202

Top of Stack: (sp=0x000000001991f3b0)
0x000000001991f3b0:   0000000018f76800 0000000018f76800
0x000000001991f3c0:   000000001991f478 000000005690a04b
0x000000001991f3d0:   0000000018f76800 00000000569268ad
0x000000001991f3e0:   0000000000000000 00000000562e9149
0x000000001991f3f0:   0000000018f926c8 00000000562f2912
0x000000001991f400:   0000000018f76800 0000000000000000
0x000000001991f410:   0000000000000000 0000000000000000
0x000000001991f420:   000000003b656c62 00000000562f1a09
0x000000001991f430:   000000001991f4c8 000000001991f4a0
0x000000001991f440:   0000000000000001 0000000018f926c8
0x000000001991f450:   000000003b656c62 00000000562d53b3
0x000000001991f460:   000000001991f590 0000000000000001
0x000000001991f470:   0000000000000001 0000000018f926c8
0x000000001991f480:   0000000000000009 0000000000000000
0x000000001991f490:   0000000000000000 0000000000000000
0x000000001991f4a0:   0000000000000001 00000000562d5571 

Instructions: (pc=0x00000000567172f5)
0x00000000567172d5:   cc cc cc cc cc cc cc cc cc cc cc 48 83 ec 28 48
0x00000000567172e5:   85 c9 75 07 33 c0 48 83 c4 28 c3 48 89 5c 24 20
0x00000000567172f5:   48 8b 19 48 85 db 74 20 48 83 fb 37 74 1a 48 8b
0x0000000056717305:   13 48 8b cb ff 52 08 84 c0 74 0d 48 8b c3 48 8b 


Register to memory mapping:

RAX=0x000000001991f401 is pointing into the stack for thread: 0x0000000018f76800
RBX=0x0000000018f76800 is a thread
RCX=0x000000003b656c62 is an unknown value
RDX=0x0000000000000000 is an unknown value
RSP=0x000000001991f3b0 is pointing into the stack for thread: 0x0000000018f76800
RBP=0x000000003b656c62 is an unknown value
RSI=0x000000001991f4c8 is pointing into the stack for thread: 0x0000000018f76800
RDI=0x0000000000608d50 is an unknown value
R8 =0x0000000018f76800 is a thread
R9 =0x0000000000008000 is an unknown value
R10=0x0000000000000000 is an unknown value
R11=0x000000001991f662 is pointing into the stack for thread: 0x0000000018f76800
R12=0x0000000000000000 is an unknown value
R13=0x0000000018f74378 is an unknown value
R14=0x0000000000000000 is an unknown value
R15=0x0000000000000000 is an unknown value


Stack: [0x0000000019820000,0x0000000019920000],  sp=0x000000001991f3b0,  free space=1020k
Native frames: (J=compiled Java code, j=interpreted, Vv=VM code, C=native code)
V  [jvm.dll+0x1172f5]
V  [jvm.dll+0x3268ad]
C  [jdwp.dll+0x21a09]
C  [jdwp.dll+0x53b3]
C  [jdwp.dll+0x5571]
C  [jdwp.dll+0xf09c]
C  [jdwp.dll+0x1f2c9]
C  [jdwp.dll+0x1f49e]
V  [jvm.dll+0x1a7128]
V  [jvm.dll+0x2232c4]
V  [jvm.dll+0x27baca]
C  [msvcr100.dll+0x21d9f]
C  [msvcr100.dll+0x21e3b]
C  [KERNEL32.DLL+0x16ad]
C  [ntdll.dll+0x74629]


---------------  P R O C E S S  ---------------

Java Threads: ( => current thread )
  0x000000001900f800 JavaThread "Service Thread" daemon [_thread_blocked, id=21964, stack(0x0000000019f20000,0x000000001a020000)]
  0x0000000018f9b800 JavaThread "C1 CompilerThread3" daemon [_thread_blocked, id=20352, stack(0x0000000019e20000,0x0000000019f20000)]
  0x0000000018f9a800 JavaThread "C2 CompilerThread2" daemon [_thread_blocked, id=23908, stack(0x0000000019d20000,0x0000000019e20000)]
  0x0000000018f97000 JavaThread "C2 CompilerThread1" daemon [_thread_blocked, id=22740, stack(0x0000000019c20000,0x0000000019d20000)]
  0x0000000018f93800 JavaThread "C2 CompilerThread0" daemon [_thread_blocked, id=22560, stack(0x0000000019b20000,0x0000000019c20000)]
  0x0000000018f82000 JavaThread "JDWP Command Reader" daemon [_thread_in_native, id=20264, stack(0x0000000019a20000,0x0000000019b20000)]
  0x0000000018f7f800 JavaThread "JDWP Event Helper Thread" daemon [_thread_blocked, id=23568, stack(0x0000000019920000,0x0000000019a20000)]
=>0x0000000018f76800 JavaThread "JDWP Transport Listener: dt_socket" daemon [_thread_in_vm, id=24300, stack(0x0000000019820000,0x0000000019920000)]
  0x0000000018f6a000 JavaThread "Attach Listener" daemon [_thread_blocked, id=10788, stack(0x0000000019440000,0x0000000019540000)]
  0x0000000018f68800 JavaThread "Signal Dispatcher" daemon [_thread_blocked, id=21380, stack(0x0000000019340000,0x0000000019440000)]
  0x0000000001fa7000 JavaThread "Finalizer" daemon [_thread_blocked, id=26180, stack(0x0000000018e40000,0x0000000018f40000)]
  0x0000000001fa0000 JavaThread "Reference Handler" daemon [_thread_blocked, id=16196, stack(0x0000000018d40000,0x0000000018e40000)]
  0x000000000060e000 JavaThread "main" [_thread_in_native, id=18476, stack(0x0000000001db0000,0x0000000001eb0000)]

Other Threads:
  0x0000000016f48800 VMThread [stack: 0x0000000018c40000,0x0000000018d40000] [id=24240]
  0x000000001902b800 WatcherThread [stack: 0x000000001a020000,0x000000001a120000] [id=24836]

VM state:not at safepoint (normal execution)

VM Mutex/Monitor currently owned by a thread: None

Heap:
 PSYoungGen      total 1024K, used 697K [0x00000000d5d80000, 0x00000000d5f00000, 0x0000000100000000)
  eden space 512K, 42% used [0x00000000d5d80000,0x00000000d5db6610,0x00000000d5e00000)
  from space 512K, 93% used [0x00000000d5e00000,0x00000000d5e78000,0x00000000d5e80000)
  to   space 512K, 0% used [0x00000000d5e80000,0x00000000d5e80000,0x00000000d5f00000)
 ParOldGen       total 129536K, used 8K [0x0000000081800000, 0x0000000089680000, 0x00000000d5d80000)
  object space 129536K, 0% used [0x0000000081800000,0x0000000081802000,0x0000000089680000)
 Metaspace       used 3152K, capacity 4494K, committed 4864K, reserved 1056768K
  class space    used 369K, capacity 386K, committed 512K, reserved 1048576K

Card table byte_map: [0x0000000011370000,0x0000000011770000] byte_map_base: 0x0000000010f64000

Marking Bits: (ParMarkBitMap*) 0x0000000056db13b0
 Begin Bits: [0x0000000012220000, 0x00000000141c0000)
 End Bits:   [0x00000000141c0000, 0x0000000016160000)

Polling page: 0x0000000000400000

CodeCache: size=245760Kb used=1167Kb max_used=1167Kb free=244592Kb
 bounds [0x0000000001fb0000, 0x0000000002220000, 0x0000000010fb0000]
 total_blobs=279 nmethods=53 adapters=148
 compilation: enabled

Compilation events (10 events):
Event: 0.666 Thread 0x0000000018f9b800   49       3       java.lang.String::startsWith (72 bytes)
Event: 0.666 Thread 0x0000000018f9b800 nmethod 49 0x00000000020d2350 code [0x00000000020d24c0, 0x00000000020d27f0]
Event: 0.667 Thread 0x0000000018f9b800   51       3       java.lang.String::startsWith (7 bytes)
Event: 0.668 Thread 0x0000000018f9b800 nmethod 51 0x00000000020d29d0 code [0x00000000020d2b40, 0x00000000020d2d68]
Event: 0.668 Thread 0x0000000018f9b800   50       1       java.util.ArrayList::size (5 bytes)
Event: 0.668 Thread 0x0000000018f9b800 nmethod 50 0x00000000020d2e10 code [0x00000000020d2f60, 0x00000000020d3070]
Event: 0.671 Thread 0x0000000018f9b800   52       3       java.lang.StringBuilder::toString (17 bytes)
Event: 0.671 Thread 0x0000000018f9b800 nmethod 52 0x00000000020d3d50 code [0x00000000020d3ec0, 0x00000000020d40a8]
Event: 0.673 Thread 0x0000000018f9b800   53       1       java.nio.Buffer::position (5 bytes)
Event: 0.673 Thread 0x0000000018f9b800 nmethod 53 0x00000000020d4150 code [0x00000000020d42a0, 0x00000000020d43b0]

GC Heap History (2 events):
Event: 0.601 GC heap before
{Heap before GC invocations=1 (full 0):
 PSYoungGen      total 1024K, used 512K [0x00000000d5d80000, 0x00000000d5f00000, 0x0000000100000000)
  eden space 512K, 100% used [0x00000000d5d80000,0x00000000d5e00000,0x00000000d5e00000)
  from space 512K, 0% used [0x00000000d5e80000,0x00000000d5e80000,0x00000000d5f00000)
  to   space 512K, 0% used [0x00000000d5e00000,0x00000000d5e00000,0x00000000d5e80000)
 ParOldGen       total 129536K, used 0K [0x0000000081800000, 0x0000000089680000, 0x00000000d5d80000)
  object space 129536K, 0% used [0x0000000081800000,0x0000000081800000,0x0000000089680000)
 Metaspace       used 2759K, capacity 4486K, committed 4864K, reserved 1056768K
  class space    used 316K, capacity 386K, committed 512K, reserved 1048576K
Event: 0.604 GC heap after
Heap after GC invocations=1 (full 0):
 PSYoungGen      total 1024K, used 480K [0x00000000d5d80000, 0x00000000d5f00000, 0x0000000100000000)
  eden space 512K, 0% used [0x00000000d5d80000,0x00000000d5d80000,0x00000000d5e00000)
  from space 512K, 93% used [0x00000000d5e00000,0x00000000d5e78000,0x00000000d5e80000)
  to   space 512K, 0% used [0x00000000d5e80000,0x00000000d5e80000,0x00000000d5f00000)
 ParOldGen       total 129536K, used 8K [0x0000000081800000, 0x0000000089680000, 0x00000000d5d80000)
  object space 129536K, 0% used [0x0000000081800000,0x0000000081802000,0x0000000089680000)
 Metaspace       used 2759K, capacity 4486K, committed 4864K, reserved 1056768K
  class space    used 316K, capacity 386K, committed 512K, reserved 1048576K
}

Deoptimization events (0 events):
No events

Internal exceptions (9 events):
Event: 0.162 Thread 0x000000000060e000 Exception <a 'java/lang/NoSuchMethodError': Method sun.misc.Unsafe.defineClass(Ljava/lang/String;[BII)Ljava/lang/Class; name or signature does not match> (0x00000000d5d94a80) thrown at [D:\re\workspace\8-2-build-windows-amd64-cygwin\jdk8u5\2488\hotspot\src¿£™Èw¹Ä?
Event: 0.162 Thread 0x000000000060e000 Exception <a 'java/lang/NoSuchMethodError': Method sun.misc.Unsafe.prefetchRead(Ljava/lang/Object;J)V name or signature does not match> (0x00000000d5d94d10) thrown at [D:\re\workspace\8-2-build-windows-amd64-cygwin\jdk8u5\2488\hotspot\src\share\vm\prims\jn“
Event: 0.552 Thread 0x000000000060e000 Exception <a 'java/security/PrivilegedActionException'> (0x00000000d5de6c38) thrown at [D:\re\workspace\8-2-build-windows-amd64-cygwin\jdk8u5\2488\hotspot\src\share\vm\prims\jvm.cpp, line 1248]
Event: 0.615 Thread 0x000000000060e000 Exception <a 'java/security/PrivilegedActionException'> (0x00000000d5d94748) thrown at [D:\re\workspace\8-2-build-windows-amd64-cygwin\jdk8u5\2488\hotspot\src\share\vm\prims\jvm.cpp, line 1248]
Event: 0.615 Thread 0x000000000060e000 Exception <a 'java/security/PrivilegedActionException'> (0x00000000d5d94a90) thrown at [D:\re\workspace\8-2-build-windows-amd64-cygwin\jdk8u5\2488\hotspot\src\share\vm\prims\jvm.cpp, line 1248]
Event: 0.617 Thread 0x000000000060e000 Exception <a 'java/security/PrivilegedActionException'> (0x00000000d5d982b8) thrown at [D:\re\workspace\8-2-build-windows-amd64-cygwin\jdk8u5\2488\hotspot\src\share\vm\prims\jvm.cpp, line 1248]
Event: 0.617 Thread 0x000000000060e000 Exception <a 'java/security/PrivilegedActionException'> (0x00000000d5d98600) thrown at [D:\re\workspace\8-2-build-windows-amd64-cygwin\jdk8u5\2488\hotspot\src\share\vm\prims\jvm.cpp, line 1248]
Event: 0.666 Thread 0x000000000060e000 Exception <a 'java/security/PrivilegedActionException'> (0x00000000d5dae2e0) thrown at [D:\re\workspace\8-2-build-windows-amd64-cygwin\jdk8u5\2488\hotspot\src\share\vm\prims\jvm.cpp, line 1248]
Event: 0.666 Thread 0x000000000060e000 Exception <a 'java/security/PrivilegedActionException'> (0x00000000d5daf830) thrown at [D:\re\workspace\8-2-build-windows-amd64-cygwin\jdk8u5\2488\hotspot\src\share\vm\prims\jvm.cpp, line 1248]

Events (10 events):
Event: 4.569 Executing VM operation: EnableBiasedLocking
Event: 4.569 Executing VM operation: EnableBiasedLocking done
Event: 62.498 Executing VM operation: ChangeBreakpoints
Event: 62.498 Executing VM operation: ChangeBreakpoints done
Event: 65.818 Executing VM operation: RedefineClasses
Event: 65.819 Executing VM operation: RedefineClasses done
Event: 65.854 Executing VM operation: ChangeBreakpoints
Event: 65.855 Executing VM operation: ChangeBreakpoints done
Event: 1281.030 Executing VM operation: RedefineClasses
Event: 1281.031 Executing VM operation: RedefineClasses done


Dynamic libraries:
0x00007ff6ddc40000 - 0x00007ff6ddc74000 	C:\Program Files\Java\jre8\bin\javaw.exe
0x00007ffef9a30000 - 0x00007ffef9bda000 	C:\WINDOWS\SYSTEM32\ntdll.dll
0x00007ffef7290000 - 0x00007ffef73ca000 	C:\WINDOWS\system32\KERNEL32.DLL
0x00007ffef7080000 - 0x00007ffef718f000 	C:\WINDOWS\system32\KERNELBASE.dll
0x00007ffef4f00000 - 0x00007ffef4f88000 	C:\WINDOWS\system32\apphelp.dll
0x00007ffedfa40000 - 0x00007ffedfa8f000 	C:\WINDOWS\AppPatch\AppPatch64\AcGenral.DLL
0x00007ffef96f0000 - 0x00007ffef9797000 	C:\WINDOWS\system32\msvcrt.dll
0x00007ffef6b80000 - 0x00007ffef6bab000 	C:\WINDOWS\SYSTEM32\SspiCli.dll
0x00007ffef78f0000 - 0x00007ffef7941000 	C:\WINDOWS\system32\SHLWAPI.dll
0x00007ffef7710000 - 0x00007ffef7881000 	C:\WINDOWS\system32\USER32.dll
0x00007ffef93c0000 - 0x00007ffef9538000 	C:\WINDOWS\system32\ole32.dll
0x00007ffef7fa0000 - 0x00007ffef93c0000 	C:\WINDOWS\system32\SHELL32.dll
0x00007ffef5ea0000 - 0x00007ffef5ebe000 	C:\WINDOWS\SYSTEM32\USERENV.dll
0x00007ffef7480000 - 0x00007ffef7525000 	C:\WINDOWS\system32\ADVAPI32.dll
0x00007ffee5e40000 - 0x00007ffee5e5b000 	C:\WINDOWS\SYSTEM32\MPR.dll
0x00007ffef98f0000 - 0x00007ffef9a26000 	C:\WINDOWS\system32\RPCRT4.dll
0x00007ffef9690000 - 0x00007ffef96e7000 	C:\WINDOWS\SYSTEM32\sechost.dll
0x00007ffef7530000 - 0x00007ffef7706000 	C:\WINDOWS\SYSTEM32\combase.dll
0x00007ffef7b90000 - 0x00007ffef7cd5000 	C:\WINDOWS\system32\GDI32.dll
0x00007ffef6d80000 - 0x00007ffef6d94000 	C:\WINDOWS\SYSTEM32\profapi.dll
0x00007ffef64f0000 - 0x00007ffef658f000 	C:\WINDOWS\SYSTEM32\SHCORE.dll
0x00007ffef97b0000 - 0x00007ffef97e4000 	C:\WINDOWS\system32\IMM32.DLL
0x00007ffef9540000 - 0x00007ffef9679000 	C:\WINDOWS\system32\MSCTF.dll
0x00007ffef6d30000 - 0x00007ffef6d62000 	C:\Windows\system32\nvinitx.dll
0x00007ffef6830000 - 0x00007ffef6a8a000 	C:\WINDOWS\WinSxS\amd64_microsoft.windows.common-controls_6595b64144ccf1df_6.0.9600.17031_none_6242a4b3ecbb55a1\COMCTL32.dll
0x0000000056e30000 - 0x0000000056f02000 	C:\Program Files\Java\jre8\bin\msvcr100.dll
0x0000000056600000 - 0x0000000056e2a000 	C:\Program Files\Java\jre8\bin\server\jvm.dll
0x00007ffeed5c0000 - 0x00007ffeed5c9000 	C:\WINDOWS\SYSTEM32\WSOCK32.dll
0x00007ffef22c0000 - 0x00007ffef22df000 	C:\WINDOWS\SYSTEM32\WINMM.dll
0x00007ffef9680000 - 0x00007ffef9687000 	C:\WINDOWS\system32\PSAPI.DLL
0x00007ffef7890000 - 0x00007ffef78e8000 	C:\WINDOWS\system32\WS2_32.dll
0x00007ffef2280000 - 0x00007ffef22aa000 	C:\WINDOWS\SYSTEM32\WINMMBASE.dll
0x00007ffef7950000 - 0x00007ffef7959000 	C:\WINDOWS\system32\NSI.dll
0x00007ffef7240000 - 0x00007ffef728a000 	C:\WINDOWS\SYSTEM32\cfgmgr32.dll
0x00007ffef5160000 - 0x00007ffef5186000 	C:\WINDOWS\SYSTEM32\DEVOBJ.dll
0x0000000057140000 - 0x000000005714f000 	C:\Program Files\Java\jre8\bin\verify.dll
0x0000000057110000 - 0x0000000057138000 	C:\Program Files\Java\jre8\bin\java.dll
0x00000000562d0000 - 0x0000000056305000 	C:\Program Files\Java\jre8\bin\jdwp.dll
0x00000000570a0000 - 0x00000000570a8000 	C:\Program Files\Java\jre8\bin\npt.dll
0x00000000570f0000 - 0x0000000057106000 	C:\Program Files\Java\jre8\bin\zip.dll
0x0000000057090000 - 0x0000000057099000 	C:\Program Files\Java\jre8\bin\dt_socket.dll
0x00007ffeeb580000 - 0x00007ffeeb594000 	C:\WINDOWS\system32\napinsp.dll
0x00007ffeeb5a0000 - 0x00007ffeeb5b9000 	C:\WINDOWS\system32\pnrpnsp.dll
0x00007ffef0e30000 - 0x00007ffef0e49000 	C:\WINDOWS\system32\NLAapi.dll
0x00007ffef60f0000 - 0x00007ffef6148000 	C:\WINDOWS\System32\mswsock.dll
0x00007ffef5f00000 - 0x00007ffef5fa3000 	C:\WINDOWS\SYSTEM32\DNSAPI.dll
0x00007ffeeb5c0000 - 0x00007ffeeb5cc000 	C:\WINDOWS\System32\winrnr.dll
0x00007ffeeb620000 - 0x00007ffeeb633000 	C:\WINDOWS\system32\wshbth.dll
0x00007ffeefdb0000 - 0x00007ffeefe18000 	C:\WINDOWS\System32\fwpuclnt.dll
0x00007ffef6ab0000 - 0x00007ffef6ab9000 	C:\Windows\System32\rasadhlp.dll
0x00007ffef5570000 - 0x00007ffef56f8000 	C:\WINDOWS\SYSTEM32\dbghelp.dll

VM Arguments:
jvm_args: -agentlib:jdwp=transport=dt_socket,suspend=y,address=localhost:13155 -Dfile.encoding=Cp1251 
java_command: BitFlipper
java_class_path (initial): C:\Users\Petar\Desktop\SoftUni\SU-Homeworks\Java 1\Java-Final-Exams\JavaSampleContest\bin
Launcher Type: SUN_STANDARD

Environment Variables:
PATH=C:\Program Files (x86)\PC Connectivity Solution\;C:\Python33\;C:\Program Files (x86)\NVIDIA Corporation\PhysX\Common;C:\Program Files (x86)\Intel\iCLS Client\;C:\Program Files\Intel\iCLS Client\;C:\WINDOWS\system32;C:\WINDOWS;C:\WINDOWS\System32\Wbem;C:\WINDOWS\System32\WindowsPowerShell\v1.0\;C:\Program Files\Intel\Intel(R) Management Engine Components\DAL;C:\Program Files\Intel\Intel(R) Management Engine Components\IPT;C:\Program Files (x86)\Intel\Intel(R) Management Engine Components\DAL;C:\Program Files (x86)\Intel\Intel(R) Management Engine Components\IPT;C:\Program Files (x86)\Intel\OpenCL SDK\3.0\bin\x86;C:\Program Files (x86)\Intel\OpenCL SDK\3.0\bin\x64;C:\Program Files\TortoiseSVN\bin;C:\Program Files (x86)\Microsoft ASP.NET\ASP.NET Web Pages\v1.0\;C:\Program Files\Microsoft SQL Server\110\Tools\Binn\;C:\Program Files\Microsoft SQL Server\110\DTS\Binn\;C:\Program Files (x86)\Microsoft SQL Server\110\Tools\Binn\;C:\Program Files (x86)\Microsoft SQL Server\110\Tools\Binn\ManagementStudio\;C:\Program Files (x86)\Microsoft Visual Studio 10.0\Common7\IDE\PrivateAssemblies\;C:\Program Files (x86)\Microsoft SQL Server\110\DTS\Binn\;C:\Program Files\nodejs\;C:\Program Files\Intel\WiFi\bin\;C:\Program Files\Common Files\Intel\WirelessCommon\;C:\Program Files (x86)\Windows Kits\8.1\Windows Performance Toolkit\;C:\Program Files (x86)\Microsoft SDKs\TypeScript\;C:\Program Files\Microsoft\Web Platform Installer\;C:\Users\Petar\AppData\Roaming\npm;C:\Program Files\Intel\WiFi\bin\;C:\Program Files\Common Files\Intel\WirelessCommon\;.;;.;;.;
USERNAME=Petar
OS=Windows_NT
PROCESSOR_IDENTIFIER=Intel64 Family 6 Model 58 Stepping 9, GenuineIntel



---------------  S Y S T E M  ---------------

OS: Windows 8.1 , 64 bit Build 9600 

CPU:total 8 (4 cores per cpu, 2 threads per core) family 6 model 58 stepping 9, cmov, cx8, fxsr, mmx, sse, sse2, sse3, ssse3, sse4.1, sse4.2, popcnt, avx, aes, clmul, erms, ht, tsc, tscinvbit

Memory: 4k page, physical 8288616k(2846608k free), swap 16677224k(6059596k free)

vm_info: Java HotSpot(TM) 64-Bit Server VM (25.5-b02) for windows-amd64 JRE (1.8.0_05-b13), built on Mar 18 2014 01:08:39 by "java_re" with MS VC++ 10.0 (VS2010)

time: Fri Jun 06 09:47:30 2014
elapsed time: 1281 seconds

